2019-03-30 16:06:22(Locomotive.java:<init>:12) ERROR Locomotive:12 - Illegal traction power
2019-03-30 16:06:43(Locomotive.java:<init>:12) ERROR Locomotive:12 - Illegal traction power
2019-03-30 16:58:18(Locomotive.java:<init>:12) ERROR Locomotive:12 - Illegal traction power
2019-03-30 17:17:59(Locomotive.java:<init>:12) ERROR Locomotive:12 - Illegal traction power
2019-03-30 17:26:48(Locomotive.java:<init>:12) ERROR Locomotive:12 - Illegal traction power
2019-03-30 17:36:05(Locomotive.java:<init>:12) ERROR Locomotive:12 - Illegal traction power
2019-03-30 17:36:57(Locomotive.java:<init>:12) ERROR Locomotive:12 - Illegal traction power
2019-03-30 17:39:09(Locomotive.java:<init>:12) ERROR Locomotive:12 - Illegal traction power
2019-03-30 18:02:01(Locomotive.java:<init>:12) ERROR Locomotive:12 - Illegal traction power
2019-03-30 18:06:35(Wagon.java:<init>:32) ERROR Wagon:32 - Uncorrect capacity!
java.lang.IllegalArgumentException: Amount of luggage can't be greater than luggage capacity &
amount of passengers can't be greater than amount of seats
	amount of luggage: 30
	luggage capacity: 10
	amount of passengers: 20
	amount of seats: 20
	at wagons.Wagon.<init>(Wagon.java:18)
	at wagons.CompartmentWagon.<init>(CompartmentWagon.java:10)
	at wagons.WagonTest.wagonConstructor(WagonTest.java:28)
	at sun.reflect.NativeMethodAccessorImpl.invoke0(Native Method)
	at sun.reflect.NativeMethodAccessorImpl.invoke(NativeMethodAccessorImpl.java:62)
	at sun.reflect.DelegatingMethodAccessorImpl.invoke(DelegatingMethodAccessorImpl.java:43)
	at java.lang.reflect.Method.invoke(Method.java:498)
	at org.junit.runners.model.FrameworkMethod$1.runReflectiveCall(FrameworkMethod.java:50)
	at org.junit.internal.runners.model.ReflectiveCallable.run(ReflectiveCallable.java:12)
	at org.junit.runners.model.FrameworkMethod.invokeExplosively(FrameworkMethod.java:47)
	at org.junit.internal.runners.statements.InvokeMethod.evaluate(InvokeMethod.java:17)
	at org.junit.internal.runners.statements.ExpectException.evaluate(ExpectException.java:19)
	at org.junit.internal.runners.statements.RunBefores.evaluate(RunBefores.java:26)
	at org.junit.runners.ParentRunner.runLeaf(ParentRunner.java:325)
	at org.junit.runners.BlockJUnit4ClassRunner.runChild(BlockJUnit4ClassRunner.java:78)
	at org.junit.runners.BlockJUnit4ClassRunner.runChild(BlockJUnit4ClassRunner.java:57)
	at org.junit.runners.ParentRunner$3.run(ParentRunner.java:290)
	at org.junit.runners.ParentRunner$1.schedule(ParentRunner.java:71)
	at org.junit.runners.ParentRunner.runChildren(ParentRunner.java:288)
	at org.junit.runners.ParentRunner.access$000(ParentRunner.java:58)
	at org.junit.runners.ParentRunner$2.evaluate(ParentRunner.java:268)
	at org.junit.runners.ParentRunner.run(ParentRunner.java:363)
	at org.junit.runner.JUnitCore.run(JUnitCore.java:137)
	at com.intellij.junit4.JUnit4IdeaTestRunner.startRunnerWithArgs(JUnit4IdeaTestRunner.java:68)
	at com.intellij.rt.execution.junit.IdeaTestRunner$Repeater.startRunnerWithArgs(IdeaTestRunner.java:47)
	at com.intellij.rt.execution.junit.JUnitStarter.prepareStreamsAndStart(JUnitStarter.java:242)
	at com.intellij.rt.execution.junit.JUnitStarter.main(JUnitStarter.java:70)
2019-03-30 18:20:44(Wagon.java:<init>:32) ERROR Wagon:32 - Uncorrect capacity!
java.lang.IllegalArgumentException: Amount of luggage can't be greater than luggage capacity &
amount of passengers can't be greater than amount of seats
	amount of luggage: 30
	luggage capacity: 10
	amount of passengers: 20
	amount of seats: 20
	at wagons.Wagon.<init>(Wagon.java:18)
	at wagons.CompartmentWagon.<init>(CompartmentWagon.java:10)
	at wagons.WagonTest.wagonConstructor(WagonTest.java:28)
	at sun.reflect.NativeMethodAccessorImpl.invoke0(Native Method)
	at sun.reflect.NativeMethodAccessorImpl.invoke(NativeMethodAccessorImpl.java:62)
	at sun.reflect.DelegatingMethodAccessorImpl.invoke(DelegatingMethodAccessorImpl.java:43)
	at java.lang.reflect.Method.invoke(Method.java:498)
	at org.junit.runners.model.FrameworkMethod$1.runReflectiveCall(FrameworkMethod.java:50)
	at org.junit.internal.runners.model.ReflectiveCallable.run(ReflectiveCallable.java:12)
	at org.junit.runners.model.FrameworkMethod.invokeExplosively(FrameworkMethod.java:47)
	at org.junit.internal.runners.statements.InvokeMethod.evaluate(InvokeMethod.java:17)
	at org.junit.internal.runners.statements.ExpectException.evaluate(ExpectException.java:19)
	at org.junit.internal.runners.statements.RunBefores.evaluate(RunBefores.java:26)
	at org.junit.runners.ParentRunner.runLeaf(ParentRunner.java:325)
	at org.junit.runners.BlockJUnit4ClassRunner.runChild(BlockJUnit4ClassRunner.java:78)
	at org.junit.runners.BlockJUnit4ClassRunner.runChild(BlockJUnit4ClassRunner.java:57)
	at org.junit.runners.ParentRunner$3.run(ParentRunner.java:290)
	at org.junit.runners.ParentRunner$1.schedule(ParentRunner.java:71)
	at org.junit.runners.ParentRunner.runChildren(ParentRunner.java:288)
	at org.junit.runners.ParentRunner.access$000(ParentRunner.java:58)
	at org.junit.runners.ParentRunner$2.evaluate(ParentRunner.java:268)
	at org.junit.runners.ParentRunner.run(ParentRunner.java:363)
	at org.junit.runner.JUnitCore.run(JUnitCore.java:137)
	at com.intellij.junit4.JUnit4IdeaTestRunner.startRunnerWithArgs(JUnit4IdeaTestRunner.java:68)
	at com.intellij.rt.execution.junit.IdeaTestRunner$Repeater.startRunnerWithArgs(IdeaTestRunner.java:47)
	at com.intellij.rt.execution.junit.JUnitStarter.prepareStreamsAndStart(JUnitStarter.java:242)
	at com.intellij.rt.execution.junit.JUnitStarter.main(JUnitStarter.java:70)
2019-03-30 18:25:58(Wagon.java:<init>:32) ERROR Wagon:32 - Uncorrect capacity!
java.lang.IllegalArgumentException: Amount of luggage can't be greater than luggage capacity &
amount of passengers can't be greater than amount of seats
	amount of luggage: 30
	luggage capacity: 10
	amount of passengers: 20
	amount of seats: 20
	at wagons.Wagon.<init>(Wagon.java:18)
	at wagons.CompartmentWagon.<init>(CompartmentWagon.java:10)
	at wagons.WagonTest.wagonConstructor(WagonTest.java:28)
	at sun.reflect.NativeMethodAccessorImpl.invoke0(Native Method)
	at sun.reflect.NativeMethodAccessorImpl.invoke(NativeMethodAccessorImpl.java:62)
	at sun.reflect.DelegatingMethodAccessorImpl.invoke(DelegatingMethodAccessorImpl.java:43)
	at java.lang.reflect.Method.invoke(Method.java:498)
	at org.junit.runners.model.FrameworkMethod$1.runReflectiveCall(FrameworkMethod.java:50)
	at org.junit.internal.runners.model.ReflectiveCallable.run(ReflectiveCallable.java:12)
	at org.junit.runners.model.FrameworkMethod.invokeExplosively(FrameworkMethod.java:47)
	at org.junit.internal.runners.statements.InvokeMethod.evaluate(InvokeMethod.java:17)
	at org.junit.internal.runners.statements.ExpectException.evaluate(ExpectException.java:19)
	at org.junit.internal.runners.statements.RunBefores.evaluate(RunBefores.java:26)
	at org.junit.runners.ParentRunner.runLeaf(ParentRunner.java:325)
	at org.junit.runners.BlockJUnit4ClassRunner.runChild(BlockJUnit4ClassRunner.java:78)
	at org.junit.runners.BlockJUnit4ClassRunner.runChild(BlockJUnit4ClassRunner.java:57)
	at org.junit.runners.ParentRunner$3.run(ParentRunner.java:290)
	at org.junit.runners.ParentRunner$1.schedule(ParentRunner.java:71)
	at org.junit.runners.ParentRunner.runChildren(ParentRunner.java:288)
	at org.junit.runners.ParentRunner.access$000(ParentRunner.java:58)
	at org.junit.runners.ParentRunner$2.evaluate(ParentRunner.java:268)
	at org.junit.runners.ParentRunner.run(ParentRunner.java:363)
	at org.junit.runner.JUnitCore.run(JUnitCore.java:137)
	at com.intellij.junit4.JUnit4IdeaTestRunner.startRunnerWithArgs(JUnit4IdeaTestRunner.java:68)
	at com.intellij.rt.execution.junit.IdeaTestRunner$Repeater.startRunnerWithArgs(IdeaTestRunner.java:47)
	at com.intellij.rt.execution.junit.JUnitStarter.prepareStreamsAndStart(JUnitStarter.java:242)
	at com.intellij.rt.execution.junit.JUnitStarter.main(JUnitStarter.java:70)
2019-03-30 18:39:01(Locomotive.java:<init>:12) ERROR Locomotive:12 - Illegal traction power
2019-03-30 18:54:12(Locomotive.java:<init>:12) ERROR Locomotive:12 - Illegal traction power
2019-03-30 18:58:07(Locomotive.java:<init>:12) ERROR Locomotive:12 - Illegal traction power
2019-03-30 18:58:56(Locomotive.java:<init>:12) ERROR Locomotive:12 - Illegal traction power
2019-03-31 13:03:04(Locomotive.java:<init>:12) ERROR Locomotive:12 - Illegal traction power
2019-03-31 13:03:22(Locomotive.java:<init>:12) ERROR Locomotive:12 - Illegal traction power
